# JRE version: OpenJDK Runtime Environment Temurin-21.0.6+7 (21.0.6+7) (build 21.0.6+7-LTS)
# Java VM: OpenJDK 64-Bit Server VM Temurin-21.0.6+7 (21.0.6+7-LTS, mixed mode, sharing, tiered, compressed oops, compressed class ptrs, g1 gc, windows-amd64)
GC Precious Log:
 CardTable entry size: 512
 Card Set container configuration: InlinePtr #cards 5 size 8 Array Of Cards #cards 12 size 40 Howl #buckets 4 coarsen threshold 1843 Howl Bitmap #cards 512 size 80 coarsen threshold 460 Card regions per heap region 1 cards per card region 2048
 CPUs: 16 total, 16 available
 Memory: 15556M
 Large Page Support: Disabled
 NUMA Support: Disabled
 Compressed Oops: Enabled (32-bit)
 Heap Region Size: 1M
 Heap Min Capacity: 8M
 Heap Initial Capacity: 244M
 Heap Max Capacity: 2G
 Pre-touch: Disabled
 Parallel Workers: 13
 Concurrent Workers: 3
 Concurrent Refinement Workers: 13
 Periodic GC: Disabled
Heap:
 garbage-first heap   total 208896K, used 140119K [0x0000000080000000, 0x0000000100000000)
  region size 1024K, 16 young (16384K), 9 survivors (9216K)
 Metaspace       used 133140K, committed 135744K, reserved 1179648K
  class space    used 18550K, committed 19904K, reserved 1048576K
GC Heap History (20 events):
Event: 46.003 GC heap before
{Heap before GC invocations=43 (full 0):
 garbage-first heap   total 183296K, used 162682K [0x0000000080000000, 0x0000000100000000)
  region size 1024K, 55 young (56320K), 8 survivors (8192K)
 Metaspace       used 103041K, committed 105536K, reserved 1179648K
  class space    used 14471K, committed 15744K, reserved 1048576K
}
Event: 46.007 GC heap after
{Heap after GC invocations=44 (full 0):
 garbage-first heap   total 183296K, used 114706K [0x0000000080000000, 0x0000000100000000)
  region size 1024K, 4 young (4096K), 4 survivors (4096K)
 Metaspace       used 103041K, committed 105536K, reserved 1179648K
  class space    used 14471K, committed 15744K, reserved 1048576K
}
Event: 46.700 GC heap before
{Heap before GC invocations=45 (full 0):
 garbage-first heap   total 193536K, used 167954K [0x0000000080000000, 0x0000000100000000)
  region size 1024K, 56 young (57344K), 4 survivors (4096K)
 Metaspace       used 103944K, committed 106432K, reserved 1179648K
  class space    used 14575K, committed 15872K, reserved 1048576K
}
Event: 46.705 GC heap after
{Heap after GC invocations=46 (full 0):
 garbage-first heap   total 193536K, used 119463K [0x0000000080000000, 0x0000000100000000)
  region size 1024K, 7 young (7168K), 7 survivors (7168K)
 Metaspace       used 103944K, committed 106432K, reserved 1179648K
  class space    used 14575K, committed 15872K, reserved 1048576K
}
Event: 47.583 GC heap before
{Heap before GC invocations=46 (full 0):
 garbage-first heap   total 193536K, used 178855K [0x0000000080000000, 0x0000000100000000)
  region size 1024K, 62 young (63488K), 7 survivors (7168K)
 Metaspace       used 108213K, committed 110720K, reserved 1179648K
  class space    used 15028K, committed 16320K, reserved 1048576K
}
Event: 47.589 GC heap after
{Heap after GC invocations=47 (full 0):
 garbage-first heap   total 195584K, used 125746K [0x0000000080000000, 0x0000000100000000)
  region size 1024K, 7 young (7168K), 7 survivors (7168K)
 Metaspace       used 108213K, committed 110720K, reserved 1179648K
  class space    used 15028K, committed 16320K, reserved 1048576K
}
Event: 48.360 GC heap before
{Heap before GC invocations=47 (full 0):
 garbage-first heap   total 195584K, used 175922K [0x0000000080000000, 0x0000000100000000)
  region size 1024K, 56 young (57344K), 7 survivors (7168K)
 Metaspace       used 112059K, committed 114560K, reserved 1179648K
  class space    used 15518K, committed 16768K, reserved 1048576K
}
Event: 48.365 GC heap after
{Heap after GC invocations=48 (full 0):
 garbage-first heap   total 195584K, used 123874K [0x0000000080000000, 0x0000000100000000)
  region size 1024K, 4 young (4096K), 4 survivors (4096K)
 Metaspace       used 112059K, committed 114560K, reserved 1179648K
  class space    used 15518K, committed 16768K, reserved 1048576K
}
Event: 49.413 GC heap before
{Heap before GC invocations=49 (full 0):
 garbage-first heap   total 208896K, used 179170K [0x0000000080000000, 0x0000000100000000)
  region size 1024K, 58 young (59392K), 4 survivors (4096K)
 Metaspace       used 115994K, committed 118528K, reserved 1179648K
  class space    used 16096K, committed 17408K, reserved 1048576K
}
Event: 49.416 GC heap after
{Heap after GC invocations=50 (full 0):
 garbage-first heap   total 208896K, used 125211K [0x0000000080000000, 0x0000000100000000)
  region size 1024K, 5 young (5120K), 5 survivors (5120K)
 Metaspace       used 115994K, committed 118528K, reserved 1179648K
  class space    used 16096K, committed 17408K, reserved 1048576K
}
Event: 50.626 GC heap before
{Heap before GC invocations=50 (full 0):
 garbage-first heap   total 208896K, used 192795K [0x0000000080000000, 0x0000000100000000)
  region size 1024K, 70 young (71680K), 5 survivors (5120K)
 Metaspace       used 120428K, committed 123008K, reserved 1179648K
  class space    used 16720K, committed 18048K, reserved 1048576K
}
Event: 50.634 GC heap after
{Heap after GC invocations=51 (full 0):
 garbage-first heap   total 208896K, used 120598K [0x0000000080000000, 0x0000000100000000)
  region size 1024K, 7 young (7168K), 7 survivors (7168K)
 Metaspace       used 120428K, committed 123008K, reserved 1179648K
  class space    used 16720K, committed 18048K, reserved 1048576K
}
Event: 51.863 GC heap before
{Heap before GC invocations=51 (full 0):
 garbage-first heap   total 208896K, used 189206K [0x0000000080000000, 0x0000000100000000)
  region size 1024K, 74 young (75776K), 7 survivors (7168K)
 Metaspace       used 125624K, committed 128192K, reserved 1179648K
  class space    used 17562K, committed 18880K, reserved 1048576K
}
Event: 51.869 GC heap after
{Heap after GC invocations=52 (full 0):
 garbage-first heap   total 208896K, used 123684K [0x0000000080000000, 0x0000000100000000)
  region size 1024K, 7 young (7168K), 7 survivors (7168K)
 Metaspace       used 125624K, committed 128192K, reserved 1179648K
  class space    used 17562K, committed 18880K, reserved 1048576K
}
Event: 52.890 GC heap before
{Heap before GC invocations=53 (full 0):
 garbage-first heap   total 208896K, used 189220K [0x0000000080000000, 0x0000000100000000)
  region size 1024K, 71 young (72704K), 7 survivors (7168K)
 Metaspace       used 129003K, committed 131520K, reserved 1179648K
  class space    used 18039K, committed 19328K, reserved 1048576K
}
Event: 52.894 GC heap after
{Heap after GC invocations=54 (full 0):
 garbage-first heap   total 208896K, used 127160K [0x0000000080000000, 0x0000000100000000)
  region size 1024K, 9 young (9216K), 9 survivors (9216K)
 Metaspace       used 129003K, committed 131520K, reserved 1179648K
  class space    used 18039K, committed 19328K, reserved 1048576K
}
Event: 53.672 GC heap before
{Heap before GC invocations=54 (full 0):
 garbage-first heap   total 208896K, used 186552K [0x0000000080000000, 0x0000000100000000)
  region size 1024K, 67 young (68608K), 9 survivors (9216K)
 Metaspace       used 132946K, committed 135552K, reserved 1179648K
  class space    used 18549K, committed 19904K, reserved 1048576K
}
Event: 53.680 GC heap after
{Heap after GC invocations=55 (full 0):
 garbage-first heap   total 208896K, used 127828K [0x0000000080000000, 0x0000000100000000)
  region size 1024K, 7 young (7168K), 7 survivors (7168K)
 Metaspace       used 132946K, committed 135552K, reserved 1179648K
  class space    used 18549K, committed 19904K, reserved 1048576K
}
Event: 54.864 GC heap before
{Heap before GC invocations=55 (full 0):
 garbage-first heap   total 208896K, used 189268K [0x0000000080000000, 0x0000000100000000)
  region size 1024K, 67 young (68608K), 7 survivors (7168K)
 Metaspace       used 133116K, committed 135744K, reserved 1179648K
  class space    used 18549K, committed 19904K, reserved 1048576K
}
Event: 54.869 GC heap after
{Heap after GC invocations=56 (full 0):
 garbage-first heap   total 208896K, used 133975K [0x0000000080000000, 0x0000000100000000)
  region size 1024K, 9 young (9216K), 9 survivors (9216K)
 Metaspace       used 133116K, committed 135744K, reserved 1179648K
  class space    used 18549K, committed 19904K, reserved 1048576K
}

