# JRE version: OpenJDK Runtime Environment Temurin-21.0.6+7 (21.0.6+7) (build 21.0.6+7-LTS)
# Java VM: OpenJDK 64-Bit Server VM Temurin-21.0.6+7 (21.0.6+7-LTS, mixed mode, sharing, tiered, compressed oops, compressed class ptrs, parallel gc, windows-amd64)
GC Precious Log:
 CardTable entry size: 512
 CPUs: 16 total, 16 available
 Memory: 15556M
 Large Page Support: Disabled
 NUMA Support: Disabled
 Compressed Oops: Enabled (32-bit)
 Alignments: Space 512K, Generation 512K, Heap 2M
 Heap Min Capacity: 100M
 Heap Initial Capacity: 100M
 Heap Max Capacity: 1G
 Pre-touch: Disabled
 Parallel Workers: 13
Heap:
 PSYoungGen      total 5120K, used 4750K [0x00000000eab00000, 0x00000000eb280000, 0x0000000100000000)
  eden space 4608K, 91% used [0x00000000eab00000,0x00000000eaf23830,0x00000000eaf80000)
  from space 512K, 100% used [0x00000000eb100000,0x00000000eb180000,0x00000000eb180000)
  to   space 1536K, 0% used [0x00000000eaf80000,0x00000000eaf80000,0x00000000eb100000)
 ParOldGen       total 190464K, used 190038K [0x00000000c0000000, 0x00000000cba00000, 0x00000000eab00000)
  object space 190464K, 99% used [0x00000000c0000000,0x00000000cb995868,0x00000000cba00000)
 Metaspace       used 63494K, committed 64832K, reserved 1114112K
  class space    used 7552K, committed 8128K, reserved 1048576K
GC Heap History (20 events):
Event: 9.484 GC heap before
{Heap before GC invocations=249 (full 4):
 PSYoungGen      total 5632K, used 5419K [0x00000000eab00000, 0x00000000eb180000, 0x0000000100000000)
  eden space 4608K, 99% used [0x00000000eab00000,0x00000000eaf7bfb0,0x00000000eaf80000)
  from space 1024K, 80% used [0x00000000eb080000,0x00000000eb14f018,0x00000000eb180000)
  to   space 1024K, 0% used [0x00000000eaf80000,0x00000000eaf80000,0x00000000eb080000)
 ParOldGen       total 187904K, used 182060K [0x00000000c0000000, 0x00000000cb780000, 0x00000000eab00000)
  object space 187904K, 96% used [0x00000000c0000000,0x00000000cb1cb060,0x00000000cb780000)
 Metaspace       used 62873K, committed 64256K, reserved 1114112K
  class space    used 7402K, committed 8000K, reserved 1048576K
}
Event: 9.485 GC heap after
{Heap after GC invocations=249 (full 4):
 PSYoungGen      total 5632K, used 889K [0x00000000eab00000, 0x00000000eb180000, 0x0000000100000000)
  eden space 4608K, 0% used [0x00000000eab00000,0x00000000eab00000,0x00000000eaf80000)
  from space 1024K, 86% used [0x00000000eaf80000,0x00000000eb05e7b8,0x00000000eb080000)
  to   space 1024K, 0% used [0x00000000eb080000,0x00000000eb080000,0x00000000eb180000)
 ParOldGen       total 187904K, used 182711K [0x00000000c0000000, 0x00000000cb780000, 0x00000000eab00000)
  object space 187904K, 97% used [0x00000000c0000000,0x00000000cb26dd98,0x00000000cb780000)
 Metaspace       used 62873K, committed 64256K, reserved 1114112K
  class space    used 7402K, committed 8000K, reserved 1048576K
}
Event: 9.491 GC heap before
{Heap before GC invocations=250 (full 4):
 PSYoungGen      total 5632K, used 5497K [0x00000000eab00000, 0x00000000eb180000, 0x0000000100000000)
  eden space 4608K, 100% used [0x00000000eab00000,0x00000000eaf80000,0x00000000eaf80000)
  from space 1024K, 86% used [0x00000000eaf80000,0x00000000eb05e7b8,0x00000000eb080000)
  to   space 1024K, 0% used [0x00000000eb080000,0x00000000eb080000,0x00000000eb180000)
 ParOldGen       total 187904K, used 182711K [0x00000000c0000000, 0x00000000cb780000, 0x00000000eab00000)
  object space 187904K, 97% used [0x00000000c0000000,0x00000000cb26dd98,0x00000000cb780000)
 Metaspace       used 62970K, committed 64320K, reserved 1114112K
  class space    used 7419K, committed 8000K, reserved 1048576K
}
Event: 9.492 GC heap after
{Heap after GC invocations=250 (full 4):
 PSYoungGen      total 5632K, used 864K [0x00000000eab00000, 0x00000000eb180000, 0x0000000100000000)
  eden space 4608K, 0% used [0x00000000eab00000,0x00000000eab00000,0x00000000eaf80000)
  from space 1024K, 84% used [0x00000000eb080000,0x00000000eb158000,0x00000000eb180000)
  to   space 1024K, 0% used [0x00000000eaf80000,0x00000000eaf80000,0x00000000eb080000)
 ParOldGen       total 187904K, used 183390K [0x00000000c0000000, 0x00000000cb780000, 0x00000000eab00000)
  object space 187904K, 97% used [0x00000000c0000000,0x00000000cb3178d8,0x00000000cb780000)
 Metaspace       used 62970K, committed 64320K, reserved 1114112K
  class space    used 7419K, committed 8000K, reserved 1048576K
}
Event: 9.497 GC heap before
{Heap before GC invocations=251 (full 4):
 PSYoungGen      total 5632K, used 5472K [0x00000000eab00000, 0x00000000eb180000, 0x0000000100000000)
  eden space 4608K, 100% used [0x00000000eab00000,0x00000000eaf80000,0x00000000eaf80000)
  from space 1024K, 84% used [0x00000000eb080000,0x00000000eb158000,0x00000000eb180000)
  to   space 1024K, 0% used [0x00000000eaf80000,0x00000000eaf80000,0x00000000eb080000)
 ParOldGen       total 187904K, used 183390K [0x00000000c0000000, 0x00000000cb780000, 0x00000000eab00000)
  object space 187904K, 97% used [0x00000000c0000000,0x00000000cb3178d8,0x00000000cb780000)
 Metaspace       used 63045K, committed 64384K, reserved 1114112K
  class space    used 7427K, committed 8000K, reserved 1048576K
}
Event: 9.498 GC heap after
{Heap after GC invocations=251 (full 4):
 PSYoungGen      total 5632K, used 845K [0x00000000eab00000, 0x00000000eb180000, 0x0000000100000000)
  eden space 4608K, 0% used [0x00000000eab00000,0x00000000eab00000,0x00000000eaf80000)
  from space 1024K, 82% used [0x00000000eaf80000,0x00000000eb053710,0x00000000eb080000)
  to   space 1024K, 0% used [0x00000000eb080000,0x00000000eb080000,0x00000000eb180000)
 ParOldGen       total 187904K, used 184024K [0x00000000c0000000, 0x00000000cb780000, 0x00000000eab00000)
  object space 187904K, 97% used [0x00000000c0000000,0x00000000cb3b60f0,0x00000000cb780000)
 Metaspace       used 63045K, committed 64384K, reserved 1114112K
  class space    used 7427K, committed 8000K, reserved 1048576K
}
Event: 9.506 GC heap before
{Heap before GC invocations=252 (full 4):
 PSYoungGen      total 5632K, used 5448K [0x00000000eab00000, 0x00000000eb180000, 0x0000000100000000)
  eden space 4608K, 99% used [0x00000000eab00000,0x00000000eaf7ebc0,0x00000000eaf80000)
  from space 1024K, 82% used [0x00000000eaf80000,0x00000000eb053710,0x00000000eb080000)
  to   space 1024K, 0% used [0x00000000eb080000,0x00000000eb080000,0x00000000eb180000)
 ParOldGen       total 187904K, used 184024K [0x00000000c0000000, 0x00000000cb780000, 0x00000000eab00000)
  object space 187904K, 97% used [0x00000000c0000000,0x00000000cb3b60f0,0x00000000cb780000)
 Metaspace       used 63114K, committed 64512K, reserved 1114112K
  class space    used 7440K, committed 8064K, reserved 1048576K
}
Event: 9.508 GC heap after
{Heap after GC invocations=252 (full 4):
 PSYoungGen      total 5632K, used 754K [0x00000000eab00000, 0x00000000eb180000, 0x0000000100000000)
  eden space 4608K, 0% used [0x00000000eab00000,0x00000000eab00000,0x00000000eaf80000)
  from space 1024K, 73% used [0x00000000eb080000,0x00000000eb13c930,0x00000000eb180000)
  to   space 1024K, 0% used [0x00000000eaf80000,0x00000000eaf80000,0x00000000eb080000)
 ParOldGen       total 187904K, used 184645K [0x00000000c0000000, 0x00000000cb780000, 0x00000000eab00000)
  object space 187904K, 98% used [0x00000000c0000000,0x00000000cb4517f8,0x00000000cb780000)
 Metaspace       used 63114K, committed 64512K, reserved 1114112K
  class space    used 7440K, committed 8064K, reserved 1048576K
}
Event: 9.514 GC heap before
{Heap before GC invocations=253 (full 4):
 PSYoungGen      total 5632K, used 5362K [0x00000000eab00000, 0x00000000eb180000, 0x0000000100000000)
  eden space 4608K, 100% used [0x00000000eab00000,0x00000000eaf80000,0x00000000eaf80000)
  from space 1024K, 73% used [0x00000000eb080000,0x00000000eb13c930,0x00000000eb180000)
  to   space 1024K, 0% used [0x00000000eaf80000,0x00000000eaf80000,0x00000000eb080000)
 ParOldGen       total 187904K, used 184645K [0x00000000c0000000, 0x00000000cb780000, 0x00000000eab00000)
  object space 187904K, 98% used [0x00000000c0000000,0x00000000cb4517f8,0x00000000cb780000)
 Metaspace       used 63179K, committed 64512K, reserved 1114112K
  class space    used 7455K, committed 8064K, reserved 1048576K
}
Event: 9.515 GC heap after
{Heap after GC invocations=253 (full 4):
 PSYoungGen      total 5632K, used 771K [0x00000000eab00000, 0x00000000eb180000, 0x0000000100000000)
  eden space 4608K, 0% used [0x00000000eab00000,0x00000000eab00000,0x00000000eaf80000)
  from space 1024K, 75% used [0x00000000eaf80000,0x00000000eb040ee0,0x00000000eb080000)
  to   space 1024K, 0% used [0x00000000eb080000,0x00000000eb080000,0x00000000eb180000)
 ParOldGen       total 187904K, used 185273K [0x00000000c0000000, 0x00000000cb780000, 0x00000000eab00000)
  object space 187904K, 98% used [0x00000000c0000000,0x00000000cb4ee7b8,0x00000000cb780000)
 Metaspace       used 63179K, committed 64512K, reserved 1114112K
  class space    used 7455K, committed 8064K, reserved 1048576K
}
Event: 9.523 GC heap before
{Heap before GC invocations=254 (full 4):
 PSYoungGen      total 5632K, used 5379K [0x00000000eab00000, 0x00000000eb180000, 0x0000000100000000)
  eden space 4608K, 100% used [0x00000000eab00000,0x00000000eaf80000,0x00000000eaf80000)
  from space 1024K, 75% used [0x00000000eaf80000,0x00000000eb040ee0,0x00000000eb080000)
  to   space 1024K, 0% used [0x00000000eb080000,0x00000000eb080000,0x00000000eb180000)
 ParOldGen       total 187904K, used 185273K [0x00000000c0000000, 0x00000000cb780000, 0x00000000eab00000)
  object space 187904K, 98% used [0x00000000c0000000,0x00000000cb4ee7b8,0x00000000cb780000)
 Metaspace       used 63200K, committed 64576K, reserved 1114112K
  class space    used 7460K, committed 8064K, reserved 1048576K
}
Event: 9.524 GC heap after
{Heap after GC invocations=254 (full 4):
 PSYoungGen      total 5632K, used 896K [0x00000000eab00000, 0x00000000eb180000, 0x0000000100000000)
  eden space 4608K, 0% used [0x00000000eab00000,0x00000000eab00000,0x00000000eaf80000)
  from space 1024K, 87% used [0x00000000eb080000,0x00000000eb160000,0x00000000eb180000)
  to   space 1024K, 0% used [0x00000000eaf80000,0x00000000eaf80000,0x00000000eb080000)
 ParOldGen       total 187904K, used 185872K [0x00000000c0000000, 0x00000000cb780000, 0x00000000eab00000)
  object space 187904K, 98% used [0x00000000c0000000,0x00000000cb584238,0x00000000cb780000)
 Metaspace       used 63200K, committed 64576K, reserved 1114112K
  class space    used 7460K, committed 8064K, reserved 1048576K
}
Event: 9.530 GC heap before
{Heap before GC invocations=255 (full 4):
 PSYoungGen      total 5632K, used 5504K [0x00000000eab00000, 0x00000000eb180000, 0x0000000100000000)
  eden space 4608K, 100% used [0x00000000eab00000,0x00000000eaf80000,0x00000000eaf80000)
  from space 1024K, 87% used [0x00000000eb080000,0x00000000eb160000,0x00000000eb180000)
  to   space 1024K, 0% used [0x00000000eaf80000,0x00000000eaf80000,0x00000000eb080000)
 ParOldGen       total 187904K, used 185872K [0x00000000c0000000, 0x00000000cb780000, 0x00000000eab00000)
  object space 187904K, 98% used [0x00000000c0000000,0x00000000cb584238,0x00000000cb780000)
 Metaspace       used 63232K, committed 64576K, reserved 1114112K
  class space    used 7470K, committed 8064K, reserved 1048576K
}
Event: 9.531 GC heap after
{Heap after GC invocations=255 (full 4):
 PSYoungGen      total 5632K, used 1004K [0x00000000eab00000, 0x00000000eb380000, 0x0000000100000000)
  eden space 4608K, 0% used [0x00000000eab00000,0x00000000eab00000,0x00000000eaf80000)
  from space 1024K, 98% used [0x00000000eaf80000,0x00000000eb07b310,0x00000000eb080000)
  to   space 2048K, 0% used [0x00000000eb180000,0x00000000eb180000,0x00000000eb380000)
 ParOldGen       total 187904K, used 186616K [0x00000000c0000000, 0x00000000cb780000, 0x00000000eab00000)
  object space 187904K, 99% used [0x00000000c0000000,0x00000000cb63e2f8,0x00000000cb780000)
 Metaspace       used 63232K, committed 64576K, reserved 1114112K
  class space    used 7470K, committed 8064K, reserved 1048576K
}
Event: 9.542 GC heap before
{Heap before GC invocations=256 (full 4):
 PSYoungGen      total 5632K, used 5612K [0x00000000eab00000, 0x00000000eb380000, 0x0000000100000000)
  eden space 4608K, 100% used [0x00000000eab00000,0x00000000eaf80000,0x00000000eaf80000)
  from space 1024K, 98% used [0x00000000eaf80000,0x00000000eb07b310,0x00000000eb080000)
  to   space 2048K, 0% used [0x00000000eb180000,0x00000000eb180000,0x00000000eb380000)
 ParOldGen       total 187904K, used 186616K [0x00000000c0000000, 0x00000000cb780000, 0x00000000eab00000)
  object space 187904K, 99% used [0x00000000c0000000,0x00000000cb63e2f8,0x00000000cb780000)
 Metaspace       used 63274K, committed 64576K, reserved 1114112K
  class space    used 7481K, committed 8064K, reserved 1048576K
}
Event: 9.543 GC heap after
{Heap after GC invocations=256 (full 4):
 PSYoungGen      total 5632K, used 817K [0x00000000eab00000, 0x00000000eb280000, 0x0000000100000000)
  eden space 4608K, 0% used [0x00000000eab00000,0x00000000eab00000,0x00000000eaf80000)
  from space 1024K, 79% used [0x00000000eb180000,0x00000000eb24c500,0x00000000eb280000)
  to   space 1536K, 0% used [0x00000000eaf80000,0x00000000eaf80000,0x00000000eb100000)
 ParOldGen       total 187904K, used 187326K [0x00000000c0000000, 0x00000000cb780000, 0x00000000eab00000)
  object space 187904K, 99% used [0x00000000c0000000,0x00000000cb6ef860,0x00000000cb780000)
 Metaspace       used 63274K, committed 64576K, reserved 1114112K
  class space    used 7481K, committed 8064K, reserved 1048576K
}
Event: 9.550 GC heap before
{Heap before GC invocations=257 (full 4):
 PSYoungGen      total 5632K, used 5425K [0x00000000eab00000, 0x00000000eb280000, 0x0000000100000000)
  eden space 4608K, 100% used [0x00000000eab00000,0x00000000eaf80000,0x00000000eaf80000)
  from space 1024K, 79% used [0x00000000eb180000,0x00000000eb24c500,0x00000000eb280000)
  to   space 1536K, 0% used [0x00000000eaf80000,0x00000000eaf80000,0x00000000eb100000)
 ParOldGen       total 187904K, used 187326K [0x00000000c0000000, 0x00000000cb780000, 0x00000000eab00000)
  object space 187904K, 99% used [0x00000000c0000000,0x00000000cb6ef860,0x00000000cb780000)
 Metaspace       used 63302K, committed 64640K, reserved 1114112K
  class space    used 7493K, committed 8064K, reserved 1048576K
}
Event: 9.551 GC heap after
{Heap after GC invocations=257 (full 4):
 PSYoungGen      total 6144K, used 756K [0x00000000eab00000, 0x00000000eb200000, 0x0000000100000000)
  eden space 4608K, 0% used [0x00000000eab00000,0x00000000eab00000,0x00000000eaf80000)
  from space 1536K, 49% used [0x00000000eaf80000,0x00000000eb03d2e0,0x00000000eb100000)
  to   space 1024K, 0% used [0x00000000eb100000,0x00000000eb100000,0x00000000eb200000)
 ParOldGen       total 188416K, used 187951K [0x00000000c0000000, 0x00000000cb800000, 0x00000000eab00000)
  object space 188416K, 99% used [0x00000000c0000000,0x00000000cb78bf10,0x00000000cb800000)
 Metaspace       used 63302K, committed 64640K, reserved 1114112K
  class space    used 7493K, committed 8064K, reserved 1048576K
}
Event: 9.559 GC heap before
{Heap before GC invocations=258 (full 4):
 PSYoungGen      total 6144K, used 5363K [0x00000000eab00000, 0x00000000eb200000, 0x0000000100000000)
  eden space 4608K, 99% used [0x00000000eab00000,0x00000000eaf7fa28,0x00000000eaf80000)
  from space 1536K, 49% used [0x00000000eaf80000,0x00000000eb03d2e0,0x00000000eb100000)
  to   space 1024K, 0% used [0x00000000eb100000,0x00000000eb100000,0x00000000eb200000)
 ParOldGen       total 188416K, used 187951K [0x00000000c0000000, 0x00000000cb800000, 0x00000000eab00000)
  object space 188416K, 99% used [0x00000000c0000000,0x00000000cb78bf10,0x00000000cb800000)
 Metaspace       used 63355K, committed 64704K, reserved 1114112K
  class space    used 7512K, committed 8128K, reserved 1048576K
}
Event: 9.560 GC heap after
{Heap after GC invocations=258 (full 4):
 PSYoungGen      total 5632K, used 799K [0x00000000eab00000, 0x00000000eb200000, 0x0000000100000000)
  eden space 4608K, 0% used [0x00000000eab00000,0x00000000eab00000,0x00000000eaf80000)
  from space 1024K, 78% used [0x00000000eb100000,0x00000000eb1c7f10,0x00000000eb200000)
  to   space 1024K, 0% used [0x00000000eb000000,0x00000000eb000000,0x00000000eb100000)
 ParOldGen       total 188928K, used 188703K [0x00000000c0000000, 0x00000000cb880000, 0x00000000eab00000)
  object space 188928K, 99% used [0x00000000c0000000,0x00000000cb847f48,0x00000000cb880000)
 Metaspace       used 63355K, committed 64704K, reserved 1114112K
  class space    used 7512K, committed 8128K, reserved 1048576K
}

